<?xml version="1.0" encoding="UTF-8"?>
<testsuite xmlns:xsi="http://www.w3.org/2001/XMLSchema-instance" xsi:noNamespaceSchemaLocation="https://maven.apache.org/surefire/maven-surefire-plugin/xsd/surefire-test-report-3.0.xsd" version="3.0" name="com.example.models.ModelIntegrationTest" time="0.002" tests="0" errors="0" skipped="0" failures="0">
  <properties>
    <property name="java.specification.version" value="23"/>
    <property name="sun.jnu.encoding" value="UTF-8"/>
    <property name="java.class.path" value="/Users/emily/OneDrive/Programmering/laughing-memory/bank-system/target/test-classes:/Users/emily/.m2/repository/org/openjfx/javafx-controls/21.0.5/javafx-controls-21.0.5.jar:/Users/emily/.m2/repository/org/openjfx/javafx-graphics/21.0.5/javafx-graphics-21.0.5.jar:/Users/emily/.m2/repository/org/openjfx/javafx-base/21.0.5/javafx-base-21.0.5.jar:/Users/emily/.m2/repository/org/openjfx/javafx-fxml/21.0.5/javafx-fxml-21.0.5.jar:"/>
    <property name="java.vm.vendor" value="Homebrew"/>
    <property name="sun.arch.data.model" value="64"/>
    <property name="java.vendor.url" value="https://github.com/Homebrew/homebrew-core/issues"/>
    <property name="os.name" value="Mac OS X"/>
    <property name="java.vm.specification.version" value="23"/>
    <property name="sun.java.launcher" value="SUN_STANDARD"/>
    <property name="user.country" value="SE"/>
    <property name="sun.boot.library.path" value="/opt/homebrew/Cellar/openjdk/23.0.1/libexec/openjdk.jdk/Contents/Home/lib"/>
    <property name="sun.java.command" value="org.apache.maven.surefire.booter.ForkedBooter /Users/emily/OneDrive/Programmering/laughing-memory/bank-system/target/surefire 2024-12-21T11-56-40_808-jvmRun1 surefire-20241221115640892_1tmp surefire_0-20241221115640892_2tmp"/>
    <property name="jdk.debug" value="release"/>
    <property name="surefire.test.class.path" value="/Users/emily/OneDrive/Programmering/laughing-memory/bank-system/target/test-classes:/Users/emily/.m2/repository/org/openjfx/javafx-controls/21.0.5/javafx-controls-21.0.5.jar:/Users/emily/.m2/repository/org/openjfx/javafx-graphics/21.0.5/javafx-graphics-21.0.5.jar:/Users/emily/.m2/repository/org/openjfx/javafx-base/21.0.5/javafx-base-21.0.5.jar:/Users/emily/.m2/repository/org/openjfx/javafx-fxml/21.0.5/javafx-fxml-21.0.5.jar:"/>
    <property name="sun.cpu.endian" value="little"/>
    <property name="user.home" value="/Users/emily"/>
    <property name="user.language" value="sv"/>
    <property name="java.specification.vendor" value="Oracle Corporation"/>
    <property name="jdk.module.path" value="/Users/emily/OneDrive/Programmering/laughing-memory/bank-system/target/classes:/Users/emily/.m2/repository/org/openjfx/javafx-controls/21.0.5/javafx-controls-21.0.5-mac-aarch64.jar:/Users/emily/.m2/repository/org/openjfx/javafx-graphics/21.0.5/javafx-graphics-21.0.5-mac-aarch64.jar:/Users/emily/.m2/repository/org/openjfx/javafx-base/21.0.5/javafx-base-21.0.5-mac-aarch64.jar:/Users/emily/.m2/repository/org/openjfx/javafx-fxml/21.0.5/javafx-fxml-21.0.5-mac-aarch64.jar"/>
    <property name="java.version.date" value="2024-10-15"/>
    <property name="java.home" value="/opt/homebrew/Cellar/openjdk/23.0.1/libexec/openjdk.jdk/Contents/Home"/>
    <property name="file.separator" value="/"/>
    <property name="basedir" value="/Users/emily/OneDrive/Programmering/laughing-memory/bank-system"/>
    <property name="java.vm.compressedOopsMode" value="Zero based"/>
    <property name="line.separator" value="&#10;"/>
    <property name="java.vm.specification.vendor" value="Oracle Corporation"/>
    <property name="java.specification.name" value="Java Platform API Specification"/>
    <property name="apple.awt.application.name" value="ForkedBooter"/>
    <property name="surefire.real.class.path" value="/Users/emily/.m2/repository/org/apache/maven/surefire/surefire-booter/3.2.5/surefire-booter-3.2.5.jar:/Users/emily/.m2/repository/org/apache/maven/surefire/surefire-api/3.2.5/surefire-api-3.2.5.jar:/Users/emily/.m2/repository/org/apache/maven/surefire/surefire-logger-api/3.2.5/surefire-logger-api-3.2.5.jar:/Users/emily/.m2/repository/org/apache/maven/surefire/surefire-shared-utils/3.2.5/surefire-shared-utils-3.2.5.jar:/Users/emily/.m2/repository/org/apache/maven/surefire/surefire-extensions-spi/3.2.5/surefire-extensions-spi-3.2.5.jar:/Users/emily/OneDrive/Programmering/laughing-memory/bank-system/target/test-classes:/Users/emily/.m2/repository/org/openjfx/javafx-controls/21.0.5/javafx-controls-21.0.5.jar:/Users/emily/.m2/repository/org/openjfx/javafx-graphics/21.0.5/javafx-graphics-21.0.5.jar:/Users/emily/.m2/repository/org/openjfx/javafx-base/21.0.5/javafx-base-21.0.5.jar:/Users/emily/.m2/repository/org/openjfx/javafx-fxml/21.0.5/javafx-fxml-21.0.5.jar:/Users/emily/.m2/repository/org/apache/maven/surefire/surefire-junit3/3.2.5/surefire-junit3-3.2.5.jar:/Users/emily/.m2/repository/org/apache/maven/surefire/common-java5/3.2.5/common-java5-3.2.5.jar:/Users/emily/.m2/repository/org/apache/maven/surefire/common-junit3/3.2.5/common-junit3-3.2.5.jar"/>
    <property name="sun.management.compiler" value="HotSpot 64-Bit Tiered Compilers"/>
    <property name="java.runtime.version" value="23.0.1"/>
    <property name="user.name" value="emily"/>
    <property name="stdout.encoding" value="UTF-8"/>
    <property name="path.separator" value=":"/>
    <property name="os.version" value="14.6"/>
    <property name="java.runtime.name" value="OpenJDK Runtime Environment"/>
    <property name="file.encoding" value="UTF-8"/>
    <property name="java.vm.name" value="OpenJDK 64-Bit Server VM"/>
    <property name="java.vendor.version" value="Homebrew"/>
    <property name="localRepository" value="/Users/emily/.m2/repository"/>
    <property name="java.vendor.url.bug" value="https://github.com/Homebrew/homebrew-core/issues"/>
    <property name="java.io.tmpdir" value="/var/folders/t_/cd5l784d7cg9287gnzdbj7km0000gn/T/"/>
    <property name="java.version" value="23.0.1"/>
    <property name="user.dir" value="/Users/emily/OneDrive/Programmering/laughing-memory/bank-system"/>
    <property name="os.arch" value="aarch64"/>
    <property name="java.vm.specification.name" value="Java Virtual Machine Specification"/>
    <property name="native.encoding" value="UTF-8"/>
    <property name="java.library.path" value="/Users/emily/Library/Java/Extensions:/Library/Java/Extensions:/Network/Library/Java/Extensions:/System/Library/Java/Extensions:/usr/lib/java:."/>
    <property name="java.vm.info" value="mixed mode"/>
    <property name="stderr.encoding" value="UTF-8"/>
    <property name="java.vendor" value="Homebrew"/>
    <property name="java.vm.version" value="23.0.1"/>
    <property name="sun.io.unicode.encoding" value="UnicodeBig"/>
    <property name="java.class.version" value="67.0"/>
  </properties>
</testsuite>